2025-08-25 15:13:19,286 INFO 初始化登录页面
2025-08-25 15:13:19,286 INFO 开始登录流程，用户名: valid_user
2025-08-25 15:13:49,591 ERROR 元素不可点击: ('id', 'normal_login_account')
2025-08-25 15:13:49,592 ERROR 输入文本失败: ('id', 'normal_login_account'), 错误: Message: 
Stacktrace:
	GetHandleVerifier [0x0x7ff701a781f5+23461]
	(No symbol) [0x0x7ff7019cc2e0]
	GetHandleVerifier [0x0x7ff701cf0128+2611928]
	(No symbol) [0x0x7ff7017e91a8]
	(No symbol) [0x0x7ff7017e946b]
	(No symbol) [0x0x7ff701829a67]
	(No symbol) [0x0x7ff70180a6ff]
	(No symbol) [0x0x7ff7017df58d]
	(No symbol) [0x0x7ff70182754f]
	(No symbol) [0x0x7ff70180a423]
	(No symbol) [0x0x7ff7017dea86]
	(No symbol) [0x0x7ff7017ddd11]
	(No symbol) [0x0x7ff7017de8b3]
	(No symbol) [0x0x7ff7018ddd3d]
	(No symbol) [0x0x7ff7018eb0c8]
	GetHandleVerifier [0x0x7ff701b5803b+940523]
	GetHandleVerifier [0x0x7ff701b60d91+976705]
	(No symbol) [0x0x7ff7019d9ed1]
	(No symbol) [0x0x7ff7019d28b4]
	(No symbol) [0x0x7ff7019d2a03]
	(No symbol) [0x0x7ff7019c44a6]
	BaseThreadInitThunk [0x0x7ff89d847374+20]
	RtlUserThreadStart [0x0x7ff89e2bcc91+33]

2025-08-25 15:17:16,554 INFO 初始化登录页面
2025-08-25 15:17:19,990 INFO 初始化登录页面
2025-08-25 15:17:19,990 INFO 开始登录流程，用户名: valid_user
2025-08-25 15:17:20,630 INFO 输入文本 'valid_user' 到元素: ('id', 'normal_login_account')
2025-08-25 15:17:20,641 INFO 按下Tab键
2025-08-25 15:17:20,851 INFO 输入账号：valid_user
2025-08-25 15:17:26,502 INFO 元素不可见: ('xpath', '//*[@id="normal_login_account_help"]/div')
2025-08-25 15:17:26,502 INFO 账号验证通过，无错误提示
2025-08-25 15:17:26,616 INFO 输入文本 'valid_pass' 到元素: ('id', 'normal_login_password')
2025-08-25 15:17:26,631 INFO 按下Tab键
2025-08-25 15:17:26,833 INFO 输入密码：valid_pass
2025-08-25 15:17:27,364 INFO 元素可见: ('xpath', '//*[@id="normal_login_password_help"]/div')
2025-08-25 15:17:27,384 INFO 获取文本 '密码(8-50位包含大小写字母,数字,无空格)' 从元素: ('xpath', '//*[@id="normal_login_password_help"]/div')
2025-08-25 15:35:43,732 INFO 初始化登录页面
2025-08-25 15:35:48,132 INFO 初始化登录页面
2025-08-25 15:35:48,132 INFO 开始登录流程，用户名: root
2025-08-25 15:35:49,295 INFO 输入文本 'root' 到元素: ('id', 'normal_login_account')
2025-08-25 15:35:49,310 INFO 按下Tab键
2025-08-25 15:35:49,515 INFO 输入账号：root
2025-08-25 15:35:55,163 INFO 元素不可见: ('xpath', '//*[@id="normal_login_account_help"]/div')
2025-08-25 15:35:55,163 INFO 账号验证通过，无错误提示
2025-08-25 15:35:55,271 INFO 输入文本 '123456@Aa' 到元素: ('id', 'normal_login_password')
2025-08-25 15:35:55,276 INFO 按下Tab键
2025-08-25 15:35:55,492 INFO 输入密码：123456@Aa
2025-08-25 15:36:01,148 INFO 元素不可见: ('xpath', '//*[@id="normal_login_password_help"]/div')
2025-08-25 15:36:01,148 INFO 密码验证通过，无错误提示
2025-08-25 15:36:01,229 INFO 输入文本 '1234' 到元素: ('id', 'normal_login_code')
2025-08-25 15:36:01,239 INFO 按下Tab键
2025-08-25 15:36:01,441 INFO 输入验证码：1234
2025-08-25 15:36:01,962 INFO 元素可见: ('xpath', '//*[@id="normal_login_code_help"]/div')
2025-08-25 15:36:01,981 INFO 获取文本 '验证码错误' 从元素: ('xpath', '//*[@id="normal_login_code_help"]/div')
2025-08-25 15:36:01,981 INFO 验证码错误验证通过: 验证码错误
2025-08-25 15:36:01,981 INFO 存在期望的错误验证，跳过点击登录按钮
2025-08-25 15:36:01,981 INFO 开始登录流程，用户名: root
2025-08-25 15:36:02,066 INFO 输入文本 'root' 到元素: ('id', 'normal_login_account')
2025-08-25 15:36:02,073 INFO 按下Tab键
2025-08-25 15:36:02,277 INFO 输入账号：root
2025-08-25 15:36:07,909 INFO 元素不可见: ('xpath', '//*[@id="normal_login_account_help"]/div')
2025-08-25 15:36:07,909 INFO 账号验证通过，无错误提示
2025-08-25 15:36:08,021 INFO 输入文本 'valid_pass' 到元素: ('id', 'normal_login_password')
2025-08-25 15:36:08,029 INFO 按下Tab键
2025-08-25 15:36:08,229 INFO 输入密码：valid_pass
2025-08-25 15:36:13,884 INFO 元素不可见: ('xpath', '//*[@id="normal_login_password_help"]/div')
2025-08-25 15:42:10,854 INFO 初始化登录页面
2025-08-25 15:42:13,905 INFO 初始化登录页面
2025-08-25 15:42:13,905 INFO 开始登录流程，用户名: root
2025-08-25 15:42:14,560 INFO 输入文本 'root' 到元素: ('id', 'normal_login_account')
2025-08-25 15:42:14,575 INFO 按下Tab键
2025-08-25 15:42:14,784 INFO 输入账号：root
2025-08-25 15:42:20,417 INFO 元素不可见: ('xpath', '//*[@id="normal_login_account_help"]/div')
2025-08-25 15:42:20,417 INFO 账号验证通过，无错误提示
2025-08-25 15:42:20,530 INFO 输入文本 '123456@Aa' 到元素: ('id', 'normal_login_password')
2025-08-25 15:42:20,537 INFO 按下Tab键
2025-08-25 15:42:20,745 INFO 输入密码：123456@Aa
2025-08-25 15:42:26,408 INFO 元素不可见: ('xpath', '//*[@id="normal_login_password_help"]/div')
2025-08-25 15:42:26,408 INFO 密码验证通过，无错误提示
2025-08-25 15:42:26,490 INFO 输入文本 '1234' 到元素: ('id', 'normal_login_code')
2025-08-25 15:42:26,498 INFO 按下Tab键
2025-08-25 15:42:26,709 INFO 输入验证码：1234
2025-08-25 15:42:27,233 INFO 元素可见: ('xpath', '//*[@id="normal_login_code_help"]/div')
2025-08-25 15:42:27,253 INFO 获取文本 '验证码错误' 从元素: ('xpath', '//*[@id="normal_login_code_help"]/div')
2025-08-25 15:42:27,253 INFO 验证码错误验证通过: 验证码错误
2025-08-25 15:42:27,253 INFO 存在期望的错误验证，跳过点击登录按钮
2025-08-25 15:42:41,155 INFO 初始化登录页面
2025-08-25 15:42:45,836 INFO 初始化登录页面
2025-08-25 15:42:45,836 INFO 开始登录流程，用户名: root
2025-08-25 15:42:49,561 INFO 输入文本 'root' 到元素: ('id', 'normal_login_account')
2025-08-25 15:42:49,576 INFO 按下Tab键
2025-08-25 15:42:49,785 INFO 输入账号：root
2025-08-25 15:42:55,450 INFO 元素不可见: ('xpath', '//*[@id="normal_login_account_help"]/div')
2025-08-25 15:42:55,450 INFO 账号验证通过，无错误提示
2025-08-25 15:42:55,568 INFO 输入文本 'valid_pass' 到元素: ('id', 'normal_login_password')
2025-08-25 15:42:55,581 INFO 按下Tab键
2025-08-25 15:42:55,787 INFO 输入密码：valid_pass
2025-08-25 15:42:56,314 INFO 元素可见: ('xpath', '//*[@id="normal_login_password_help"]/div')
2025-08-25 15:42:56,333 INFO 获取文本 '密码(8-50位包含大小写字母,数字,无空格)' 从元素: ('xpath', '//*[@id="normal_login_password_help"]/div')
2025-08-25 15:42:56,333 INFO 密码错误验证通过: 密码(8-50位包含大小写字母,数字,无空格)
2025-08-25 15:42:56,411 INFO 输入文本 '1234' 到元素: ('id', 'normal_login_code')
2025-08-25 15:42:56,418 INFO 按下Tab键
2025-08-25 15:42:56,627 INFO 输入验证码：1234
2025-08-25 15:42:57,151 INFO 元素可见: ('xpath', '//*[@id="normal_login_code_help"]/div')
2025-08-25 15:42:57,167 INFO 获取文本 '验证码错误' 从元素: ('xpath', '//*[@id="normal_login_code_help"]/div')
2025-08-25 15:43:03,080 INFO 初始化登录页面
2025-08-25 15:43:05,760 INFO 初始化登录页面
2025-08-25 15:43:05,760 INFO 开始登录流程，用户名: 
2025-08-25 15:43:06,392 INFO 输入文本 '' 到元素: ('id', 'normal_login_account')
2025-08-25 15:43:06,412 INFO 按下Tab键
2025-08-25 15:43:06,622 INFO 输入账号：
2025-08-25 15:43:07,145 INFO 元素可见: ('xpath', '//*[@id="normal_login_account_help"]/div')
2025-08-25 15:43:07,166 INFO 获取文本 '请输入4-50位的账户(用户名)' 从元素: ('xpath', '//*[@id="normal_login_account_help"]/div')
2025-08-25 15:43:07,166 INFO 账号错误验证通过: 请输入4-50位的账户(用户名)
2025-08-25 15:43:07,275 INFO 输入文本 'valid_pass' 到元素: ('id', 'normal_login_password')
2025-08-25 15:43:07,288 INFO 按下Tab键
2025-08-25 15:43:07,490 INFO 输入密码：valid_pass
2025-08-25 15:43:08,016 INFO 元素可见: ('xpath', '//*[@id="normal_login_password_help"]/div')
2025-08-25 15:43:08,034 INFO 获取文本 '密码(8-50位包含大小写字母,数字,无空格)' 从元素: ('xpath', '//*[@id="normal_login_password_help"]/div')
2025-08-25 15:43:22,049 INFO 初始化登录页面
2025-08-25 15:43:25,241 INFO 初始化登录页面
2025-08-25 15:43:25,241 INFO 开始登录流程，用户名: 
2025-08-25 15:43:26,383 INFO 输入文本 '' 到元素: ('id', 'normal_login_account')
2025-08-25 15:43:26,402 INFO 按下Tab键
2025-08-25 15:43:26,611 INFO 输入账号：
2025-08-25 15:43:27,130 INFO 元素可见: ('xpath', '//*[@id="normal_login_account_help"]/div')
2025-08-25 15:43:27,149 INFO 获取文本 '请输入4-50位的账户(用户名)' 从元素: ('xpath', '//*[@id="normal_login_account_help"]/div')
2025-08-25 15:43:27,149 INFO 账号错误验证通过: 请输入4-50位的账户(用户名)
2025-08-25 15:43:27,214 INFO 输入文本 '' 到元素: ('id', 'normal_login_password')
2025-08-25 15:43:27,221 INFO 按下Tab键
2025-08-25 15:43:27,425 INFO 输入密码：
2025-08-25 15:43:33,092 INFO 元素不可见: ('xpath', '//*[@id="normal_login_password_help"]/div')
2025-08-25 15:44:32,760 INFO 初始化登录页面
2025-08-25 15:44:35,474 INFO 初始化登录页面
2025-08-25 15:44:35,474 INFO 开始登录流程，用户名: root
2025-08-25 15:44:36,110 INFO 输入文本 'root' 到元素: ('id', 'normal_login_account')
2025-08-25 15:44:36,123 INFO 按下Tab键
2025-08-25 15:44:36,328 INFO 输入账号：root
2025-08-25 15:44:41,972 INFO 元素不可见: ('xpath', '//*[@id="normal_login_account_help"]/div')
2025-08-25 15:44:41,972 INFO 账号验证通过，无错误提示
2025-08-25 15:44:42,079 INFO 输入文本 '123456@Aa' 到元素: ('id', 'normal_login_password')
2025-08-25 15:44:42,086 INFO 按下Tab键
2025-08-25 15:44:42,288 INFO 输入密码：123456@Aa
2025-08-25 15:44:47,921 INFO 元素不可见: ('xpath', '//*[@id="normal_login_password_help"]/div')
2025-08-25 15:44:47,921 INFO 密码验证通过，无错误提示
2025-08-25 15:44:47,998 INFO 输入文本 '1234' 到元素: ('id', 'normal_login_code')
2025-08-25 15:44:48,006 INFO 按下Tab键
2025-08-25 15:44:48,218 INFO 输入验证码：1234
2025-08-25 15:44:48,746 INFO 元素可见: ('xpath', '//*[@id="normal_login_code_help"]/div')
2025-08-25 15:44:48,767 INFO 获取文本 '验证码错误' 从元素: ('xpath', '//*[@id="normal_login_code_help"]/div')
2025-08-25 15:44:48,767 INFO 验证码错误验证通过: 验证码错误
2025-08-25 15:44:48,767 INFO 存在期望的错误验证，跳过点击登录按钮
2025-08-25 15:45:02,612 INFO 初始化登录页面
2025-08-25 15:45:08,967 INFO 初始化登录页面
2025-08-25 15:45:08,967 INFO 开始登录流程，用户名: root
2025-08-25 15:45:09,622 INFO 输入文本 'root' 到元素: ('id', 'normal_login_account')
2025-08-25 15:45:09,637 INFO 按下Tab键
2025-08-25 15:45:09,841 INFO 输入账号：root
2025-08-25 15:45:15,531 INFO 元素不可见: ('xpath', '//*[@id="normal_login_account_help"]/div')
2025-08-25 15:45:15,531 INFO 账号验证通过，无错误提示
2025-08-25 15:45:15,647 INFO 输入文本 'valid_pass' 到元素: ('id', 'normal_login_password')
2025-08-25 15:45:15,660 INFO 按下Tab键
2025-08-25 15:45:15,868 INFO 输入密码：valid_pass
2025-08-25 15:45:16,396 INFO 元素可见: ('xpath', '//*[@id="normal_login_password_help"]/div')
2025-08-25 15:45:16,417 INFO 获取文本 '密码(8-50位包含大小写字母,数字,无空格)' 从元素: ('xpath', '//*[@id="normal_login_password_help"]/div')
2025-08-25 15:45:16,417 INFO 密码错误验证通过: 密码(8-50位包含大小写字母,数字,无空格)
2025-08-25 15:45:16,497 INFO 输入文本 '1234' 到元素: ('id', 'normal_login_code')
2025-08-25 15:45:16,502 INFO 按下Tab键
2025-08-25 15:45:16,711 INFO 输入验证码：1234
2025-08-25 15:45:17,237 INFO 元素可见: ('xpath', '//*[@id="normal_login_code_help"]/div')
2025-08-25 15:45:17,253 INFO 获取文本 '验证码错误' 从元素: ('xpath', '//*[@id="normal_login_code_help"]/div')
2025-08-25 15:45:17,253 INFO 验证码错误验证通过: 验证码错误
2025-08-25 15:45:17,253 INFO 存在期望的错误验证，跳过点击登录按钮
2025-08-25 15:45:31,183 INFO 初始化登录页面
2025-08-25 15:45:34,403 INFO 初始化登录页面
2025-08-25 15:45:34,403 INFO 开始登录流程，用户名: 
2025-08-25 15:45:35,029 INFO 输入文本 '' 到元素: ('id', 'normal_login_account')
2025-08-25 15:45:35,048 INFO 按下Tab键
2025-08-25 15:45:35,254 INFO 输入账号：
2025-08-25 15:45:35,774 INFO 元素可见: ('xpath', '//*[@id="normal_login_account_help"]/div')
2025-08-25 15:45:35,793 INFO 获取文本 '请输入4-50位的账户(用户名)' 从元素: ('xpath', '//*[@id="normal_login_account_help"]/div')
2025-08-25 15:45:35,793 INFO 账号错误验证通过: 请输入4-50位的账户(用户名)
2025-08-25 15:45:35,895 INFO 输入文本 '123456@Aa' 到元素: ('id', 'normal_login_password')
2025-08-25 15:45:35,901 INFO 按下Tab键
2025-08-25 15:45:36,109 INFO 输入密码：123456@Aa
2025-08-25 15:45:41,790 INFO 元素不可见: ('xpath', '//*[@id="normal_login_password_help"]/div')
2025-08-25 15:45:41,790 INFO 密码验证通过，无错误提示
2025-08-25 15:45:41,869 INFO 输入文本 '1234' 到元素: ('id', 'normal_login_code')
2025-08-25 15:45:41,878 INFO 按下Tab键
2025-08-25 15:45:42,079 INFO 输入验证码：1234
2025-08-25 15:45:42,599 INFO 元素可见: ('xpath', '//*[@id="normal_login_code_help"]/div')
2025-08-25 15:45:42,613 INFO 获取文本 '验证码错误' 从元素: ('xpath', '//*[@id="normal_login_code_help"]/div')
2025-08-25 15:45:48,580 INFO 初始化登录页面
2025-08-25 15:45:51,387 INFO 初始化登录页面
2025-08-25 15:45:51,387 INFO 开始登录流程，用户名: 
2025-08-25 15:45:52,001 INFO 输入文本 '' 到元素: ('id', 'normal_login_account')
2025-08-25 15:45:52,020 INFO 按下Tab键
2025-08-25 15:45:52,234 INFO 输入账号：
2025-08-25 15:45:52,758 INFO 元素可见: ('xpath', '//*[@id="normal_login_account_help"]/div')
2025-08-25 15:45:52,779 INFO 获取文本 '请输入4-50位的账户(用户名)' 从元素: ('xpath', '//*[@id="normal_login_account_help"]/div')
2025-08-25 15:45:52,779 INFO 账号错误验证通过: 请输入4-50位的账户(用户名)
2025-08-25 15:45:52,846 INFO 输入文本 '1' 到元素: ('id', 'normal_login_password')
2025-08-25 15:45:52,856 INFO 按下Tab键
2025-08-25 15:45:53,070 INFO 输入密码：1
2025-08-25 15:45:53,595 INFO 元素可见: ('xpath', '//*[@id="normal_login_password_help"]/div')
2025-08-25 15:45:53,607 INFO 获取文本 '密码长度至少为8位' 从元素: ('xpath', '//*[@id="normal_login_password_help"]/div')
2025-08-25 15:45:53,607 INFO 密码错误验证通过: 密码长度至少为8位
2025-08-25 15:45:53,659 INFO 输入文本 '' 到元素: ('id', 'normal_login_code')
2025-08-25 15:45:53,667 INFO 按下Tab键
2025-08-25 15:45:53,878 INFO 输入验证码：
2025-08-25 15:45:59,540 INFO 元素不可见: ('xpath', '//*[@id="normal_login_code_help"]/div')
2025-08-25 15:46:28,975 INFO 初始化登录页面
2025-08-25 15:46:32,172 INFO 初始化登录页面
2025-08-25 15:46:32,173 INFO 开始登录流程，用户名: root
2025-08-25 15:46:32,816 INFO 输入文本 'root' 到元素: ('id', 'normal_login_account')
2025-08-25 15:46:32,829 INFO 按下Tab键
2025-08-25 15:46:33,030 INFO 输入账号：root
2025-08-25 15:46:38,689 INFO 元素不可见: ('xpath', '//*[@id="normal_login_account_help"]/div')
2025-08-25 15:46:38,689 INFO 账号验证通过，无错误提示
2025-08-25 15:46:38,803 INFO 输入文本 '123456@Aa' 到元素: ('id', 'normal_login_password')
2025-08-25 15:46:38,809 INFO 按下Tab键
2025-08-25 15:46:39,014 INFO 输入密码：123456@Aa
2025-08-25 15:46:44,661 INFO 元素不可见: ('xpath', '//*[@id="normal_login_password_help"]/div')
2025-08-25 15:46:44,661 INFO 密码验证通过，无错误提示
2025-08-25 15:46:44,737 INFO 输入文本 '1234' 到元素: ('id', 'normal_login_code')
2025-08-25 15:46:44,746 INFO 按下Tab键
2025-08-25 15:46:44,963 INFO 输入验证码：1234
2025-08-25 15:46:45,490 INFO 元素可见: ('xpath', '//*[@id="normal_login_code_help"]/div')
2025-08-25 15:46:45,506 INFO 获取文本 '验证码错误' 从元素: ('xpath', '//*[@id="normal_login_code_help"]/div')
2025-08-25 15:46:45,506 INFO 验证码错误验证通过: 验证码错误
2025-08-25 15:46:45,506 INFO 存在期望的错误验证，跳过点击登录按钮
2025-08-25 15:46:59,336 INFO 初始化登录页面
2025-08-25 15:47:02,962 INFO 初始化登录页面
2025-08-25 15:47:02,962 INFO 开始登录流程，用户名: root
2025-08-25 15:47:03,589 INFO 输入文本 'root' 到元素: ('id', 'normal_login_account')
2025-08-25 15:47:03,604 INFO 按下Tab键
2025-08-25 15:47:03,816 INFO 输入账号：root
2025-08-25 15:47:09,462 INFO 元素不可见: ('xpath', '//*[@id="normal_login_account_help"]/div')
2025-08-25 15:47:09,462 INFO 账号验证通过，无错误提示
2025-08-25 15:47:09,577 INFO 输入文本 'valid_pass' 到元素: ('id', 'normal_login_password')
2025-08-25 15:47:09,591 INFO 按下Tab键
2025-08-25 15:47:09,800 INFO 输入密码：valid_pass
2025-08-25 15:47:10,318 INFO 元素可见: ('xpath', '//*[@id="normal_login_password_help"]/div')
2025-08-25 15:47:10,338 INFO 获取文本 '密码(8-50位包含大小写字母,数字,无空格)' 从元素: ('xpath', '//*[@id="normal_login_password_help"]/div')
2025-08-25 15:47:10,338 INFO 密码错误验证通过: 密码(8-50位包含大小写字母,数字,无空格)
2025-08-25 15:47:10,417 INFO 输入文本 '1234' 到元素: ('id', 'normal_login_code')
2025-08-25 15:47:10,425 INFO 按下Tab键
2025-08-25 15:47:10,633 INFO 输入验证码：1234
2025-08-25 15:47:11,159 INFO 元素可见: ('xpath', '//*[@id="normal_login_code_help"]/div')
2025-08-25 15:47:11,175 INFO 获取文本 '验证码错误' 从元素: ('xpath', '//*[@id="normal_login_code_help"]/div')
2025-08-25 15:47:11,175 INFO 验证码错误验证通过: 验证码错误
2025-08-25 15:47:11,175 INFO 存在期望的错误验证，跳过点击登录按钮
2025-08-25 15:47:25,010 INFO 初始化登录页面
2025-08-25 15:50:08,586 INFO 初始化登录页面
2025-08-25 15:50:08,587 INFO 开始登录流程，用户名: 
2025-08-25 15:50:09,777 INFO 输入文本 '' 到元素: ('id', 'normal_login_account')
2025-08-25 15:50:09,794 INFO 按下Tab键
2025-08-25 15:50:10,002 INFO 输入账号：
2025-08-25 15:50:10,529 INFO 元素可见: ('xpath', '//*[@id="normal_login_account_help"]/div')
2025-08-25 15:50:10,547 INFO 获取文本 '请输入4-50位的账户(用户名)' 从元素: ('xpath', '//*[@id="normal_login_account_help"]/div')
2025-08-25 15:50:10,547 INFO 账号错误验证通过: 请输入4-50位的账户(用户名)
2025-08-25 15:50:10,656 INFO 输入文本 '123456@Aa' 到元素: ('id', 'normal_login_password')
2025-08-25 15:50:10,663 INFO 按下Tab键
2025-08-25 15:50:10,870 INFO 输入密码：123456@Aa
2025-08-25 15:50:16,522 INFO 元素不可见: ('xpath', '//*[@id="normal_login_password_help"]/div')
2025-08-25 15:50:16,522 INFO 密码验证通过，无错误提示
2025-08-25 15:50:16,601 INFO 输入文本 '1234' 到元素: ('id', 'normal_login_code')
2025-08-25 15:50:16,607 INFO 按下Tab键
2025-08-25 15:50:16,812 INFO 输入验证码：1234
2025-08-25 15:50:17,345 INFO 元素可见: ('xpath', '//*[@id="normal_login_code_help"]/div')
2025-08-25 15:50:17,361 INFO 获取文本 '验证码错误' 从元素: ('xpath', '//*[@id="normal_login_code_help"]/div')
2025-08-25 15:50:17,361 INFO 验证码错误验证通过: 验证码错误
2025-08-25 15:50:17,361 INFO 存在期望的错误验证，跳过点击登录按钮
2025-08-25 15:50:31,186 INFO 初始化登录页面
2025-08-25 15:50:34,868 INFO 初始化登录页面
2025-08-25 15:50:34,868 INFO 开始登录流程，用户名: 
2025-08-25 15:50:35,490 INFO 输入文本 '' 到元素: ('id', 'normal_login_account')
2025-08-25 15:50:35,510 INFO 按下Tab键
2025-08-25 15:50:35,717 INFO 输入账号：
2025-08-25 15:50:36,246 INFO 元素可见: ('xpath', '//*[@id="normal_login_account_help"]/div')
2025-08-25 15:50:36,263 INFO 获取文本 '请输入4-50位的账户(用户名)' 从元素: ('xpath', '//*[@id="normal_login_account_help"]/div')
2025-08-25 15:50:36,263 INFO 账号错误验证通过: 请输入4-50位的账户(用户名)
2025-08-25 15:50:36,340 INFO 输入文本 '1' 到元素: ('id', 'normal_login_password')
2025-08-25 15:50:36,349 INFO 按下Tab键
2025-08-25 15:50:36,557 INFO 输入密码：1
2025-08-25 15:50:37,083 INFO 元素可见: ('xpath', '//*[@id="normal_login_password_help"]/div')
2025-08-25 15:50:37,099 INFO 获取文本 '密码长度至少为8位' 从元素: ('xpath', '//*[@id="normal_login_password_help"]/div')
2025-08-25 15:50:37,099 INFO 密码错误验证通过: 密码长度至少为8位
2025-08-25 15:50:37,165 INFO 输入文本 ' ' 到元素: ('id', 'normal_login_code')
2025-08-25 15:50:37,171 INFO 按下Tab键
2025-08-25 15:50:37,376 INFO 输入验证码： 
2025-08-25 15:50:37,903 INFO 元素可见: ('xpath', '//*[@id="normal_login_code_help"]/div')
2025-08-25 15:50:37,919 INFO 获取文本 '验证码错误' 从元素: ('xpath', '//*[@id="normal_login_code_help"]/div')
2025-08-25 15:52:47,630 INFO 初始化登录页面
2025-08-25 15:53:47,834 INFO 初始化登录页面
2025-08-25 15:53:47,834 INFO 开始登录流程，用户名: root
2025-08-25 15:53:49,078 INFO 输入文本 'root' 到元素: ('id', 'normal_login_account')
2025-08-25 15:53:49,092 INFO 按下Tab键
2025-08-25 15:53:49,295 INFO 输入账号：root
2025-08-25 15:53:54,939 INFO 元素不可见: ('xpath', '//*[@id="normal_login_account_help"]/div')
2025-08-25 15:53:54,939 INFO 账号验证通过，无错误提示
2025-08-25 15:53:55,041 INFO 输入文本 '123456@Aa' 到元素: ('id', 'normal_login_password')
2025-08-25 15:53:55,047 INFO 按下Tab键
2025-08-25 15:53:55,253 INFO 输入密码：123456@Aa
2025-08-25 15:54:00,896 INFO 元素不可见: ('xpath', '//*[@id="normal_login_password_help"]/div')
2025-08-25 15:54:00,896 INFO 密码验证通过，无错误提示
2025-08-25 15:54:00,972 INFO 输入文本 '1234' 到元素: ('id', 'normal_login_code')
2025-08-25 15:54:00,979 INFO 按下Tab键
2025-08-25 15:54:01,191 INFO 输入验证码：1234
2025-08-25 15:54:01,714 INFO 元素可见: ('xpath', '//*[@id="normal_login_code_help"]/div')
2025-08-25 15:54:01,732 INFO 获取文本 '验证码错误' 从元素: ('xpath', '//*[@id="normal_login_code_help"]/div')
2025-08-25 15:54:01,732 INFO 验证码错误验证通过: 验证码错误
2025-08-25 15:54:01,732 INFO 存在期望的错误验证，跳过点击登录按钮
2025-08-25 15:54:15,669 INFO 初始化登录页面
2025-08-25 15:54:18,350 INFO 初始化登录页面
2025-08-25 15:54:18,351 INFO 开始登录流程，用户名: root
2025-08-25 15:54:19,038 INFO 输入文本 'root' 到元素: ('id', 'normal_login_account')
2025-08-25 15:54:19,053 INFO 按下Tab键
2025-08-25 15:54:19,255 INFO 输入账号：root
2025-08-25 15:54:24,911 INFO 元素不可见: ('xpath', '//*[@id="normal_login_account_help"]/div')
2025-08-25 15:54:24,911 INFO 账号验证通过，无错误提示
2025-08-25 15:54:25,031 INFO 输入文本 'valid_pass' 到元素: ('id', 'normal_login_password')
2025-08-25 15:54:25,044 INFO 按下Tab键
2025-08-25 15:54:25,248 INFO 输入密码：valid_pass
2025-08-25 15:54:25,769 INFO 元素可见: ('xpath', '//*[@id="normal_login_password_help"]/div')
2025-08-25 15:54:25,787 INFO 获取文本 '密码(8-50位包含大小写字母,数字,无空格)' 从元素: ('xpath', '//*[@id="normal_login_password_help"]/div')
2025-08-25 15:54:25,787 INFO 密码错误验证通过: 密码(8-50位包含大小写字母,数字,无空格)
2025-08-25 15:54:25,871 INFO 输入文本 '1234' 到元素: ('id', 'normal_login_code')
2025-08-25 15:54:25,879 INFO 按下Tab键
2025-08-25 15:54:26,092 INFO 输入验证码：1234
2025-08-25 15:54:26,613 INFO 元素可见: ('xpath', '//*[@id="normal_login_code_help"]/div')
2025-08-25 15:54:26,627 INFO 获取文本 '验证码错误' 从元素: ('xpath', '//*[@id="normal_login_code_help"]/div')
2025-08-25 15:54:26,627 INFO 验证码错误验证通过: 验证码错误
2025-08-25 15:54:26,627 INFO 存在期望的错误验证，跳过点击登录按钮
2025-08-25 15:54:40,507 INFO 初始化登录页面
2025-08-25 15:55:46,298 INFO 初始化登录页面
2025-08-25 15:55:46,298 INFO 开始登录流程，用户名: 
2025-08-25 15:55:48,041 INFO 输入文本 '' 到元素: ('id', 'normal_login_account')
2025-08-25 15:55:48,063 INFO 按下Tab键
2025-08-25 15:55:48,274 INFO 输入账号：
2025-08-25 15:55:48,803 INFO 元素可见: ('xpath', '//*[@id="normal_login_account_help"]/div')
2025-08-25 15:55:48,820 INFO 获取文本 '请输入4-50位的账户(用户名)' 从元素: ('xpath', '//*[@id="normal_login_account_help"]/div')
2025-08-25 15:55:48,821 INFO 账号错误验证通过: 请输入4-50位的账户(用户名)
2025-08-25 15:55:48,926 INFO 输入文本 '123456@Aa' 到元素: ('id', 'normal_login_password')
2025-08-25 15:55:48,933 INFO 按下Tab键
2025-08-25 15:55:49,141 INFO 输入密码：123456@Aa
2025-08-25 15:55:54,806 INFO 元素不可见: ('xpath', '//*[@id="normal_login_password_help"]/div')
2025-08-25 15:55:54,806 INFO 密码验证通过，无错误提示
2025-08-25 15:55:54,887 INFO 输入文本 '1234' 到元素: ('id', 'normal_login_code')
2025-08-25 15:55:54,891 INFO 按下Tab键
2025-08-25 15:55:55,092 INFO 输入验证码：1234
2025-08-25 15:55:55,618 INFO 元素可见: ('xpath', '//*[@id="normal_login_code_help"]/div')
2025-08-25 15:55:55,632 INFO 获取文本 '验证码错误' 从元素: ('xpath', '//*[@id="normal_login_code_help"]/div')
2025-08-25 15:55:55,632 INFO 验证码错误验证通过: 验证码错误
2025-08-25 15:55:55,632 INFO 存在期望的错误验证，跳过点击登录按钮
2025-08-25 15:56:09,459 INFO 初始化登录页面
2025-08-25 15:59:00,950 INFO 初始化登录页面
2025-08-25 15:59:00,951 INFO 开始登录流程，用户名: 
2025-08-25 15:59:06,715 INFO 输入文本 '' 到元素: ('id', 'normal_login_account')
2025-08-25 15:59:06,736 INFO 按下Tab键
2025-08-25 15:59:06,949 INFO 输入账号：
2025-08-25 15:59:07,484 INFO 元素可见: ('xpath', '//*[@id="normal_login_account_help"]/div')
2025-08-25 15:59:07,500 INFO 获取文本 '请输入4-50位的账户(用户名)' 从元素: ('xpath', '//*[@id="normal_login_account_help"]/div')
2025-08-25 15:59:07,500 INFO 账号错误验证通过: 请输入4-50位的账户(用户名)
2025-08-25 15:59:07,572 INFO 输入文本 '1' 到元素: ('id', 'normal_login_password')
2025-08-25 15:59:07,581 INFO 按下Tab键
2025-08-25 15:59:07,793 INFO 输入密码：1
2025-08-25 15:59:08,325 INFO 元素可见: ('xpath', '//*[@id="normal_login_password_help"]/div')
2025-08-25 15:59:08,339 INFO 获取文本 '密码长度至少为8位' 从元素: ('xpath', '//*[@id="normal_login_password_help"]/div')
2025-08-25 15:59:08,339 INFO 密码错误验证通过: 密码长度至少为8位
2025-08-25 15:59:08,399 INFO 输入文本 '' 到元素: ('id', 'normal_login_code')
2025-08-25 15:59:08,405 INFO 按下Tab键
2025-08-25 15:59:08,618 INFO 输入验证码：
2025-08-25 15:59:14,263 INFO 元素不可见: ('xpath', '//*[@id="normal_login_code_help"]/div')
